2022-06-27 08:39:46.712 [restartedMain] [INFO ] com.example.demo.AddjobApplication : Starting AddjobApplication using Java 1.8.0_151 on PC-20180711QXFQ with PID 6520 (D:\git\addjob\target\classes started by Administrator in D:\git\addjob)
2022-06-27 08:39:46.741 [restartedMain] [INFO ] com.example.demo.AddjobApplication : The following 2 profiles are active: "hikari", "mybatis"
2022-06-27 08:39:47.315 [restartedMain] [INFO ] o.s.b.d.env.DevToolsPropertyDefaultsPostProcessor : Devtools property defaults active! Set 'spring.devtools.add-properties' to 'false' to disable
2022-06-27 08:39:47.316 [restartedMain] [INFO ] o.s.b.d.env.DevToolsPropertyDefaultsPostProcessor : For additional web related logging consider setting the 'logging.level.web' property to 'DEBUG'
2022-06-27 08:39:53.027 [restartedMain] [INFO ] o.s.boot.web.embedded.tomcat.TomcatWebServer : Tomcat initialized with port(s): 19011 (http)
2022-06-27 08:39:53.105 [restartedMain] [INFO ] org.apache.catalina.core.StandardService : Starting service [Tomcat]
2022-06-27 08:39:53.105 [restartedMain] [INFO ] org.apache.catalina.core.StandardEngine : Starting Servlet engine: [Apache Tomcat/9.0.64]
2022-06-27 08:39:53.219 [restartedMain] [INFO ] o.a.c.c.ContainerBase.[Tomcat].[localhost].[/task] : Initializing Spring embedded WebApplicationContext
2022-06-27 08:39:53.219 [restartedMain] [INFO ] o.s.b.w.s.c.ServletWebServerApplicationContext : Root WebApplicationContext: initialization completed in 5902 ms
2022-06-27 08:40:20.539 [restartedMain] [INFO ] o.s.b.d.autoconfigure.OptionalLiveReloadServer : LiveReload server is running on port 35729
2022-06-27 08:40:20.874 [restartedMain] [INFO ] o.s.boot.web.embedded.tomcat.TomcatWebServer : Tomcat started on port(s): 19011 (http) with context path '/task'
2022-06-27 08:40:20.928 [restartedMain] [INFO ] com.example.demo.AddjobApplication : Started AddjobApplication in 35.888 seconds (JVM running for 38.461)
2022-06-27 08:47:21.293 [http-nio-19011-exec-1] [INFO ] o.a.c.c.ContainerBase.[Tomcat].[localhost].[/task] : Initializing Spring DispatcherServlet 'dispatcherServlet'
2022-06-27 08:47:21.294 [http-nio-19011-exec-1] [INFO ] org.springframework.web.servlet.DispatcherServlet : Initializing Servlet 'dispatcherServlet'
2022-06-27 08:47:21.295 [http-nio-19011-exec-1] [INFO ] org.springframework.web.servlet.DispatcherServlet : Completed initialization in 1 ms
2022-06-27 08:47:21.857 [http-nio-19011-exec-1] [INFO ] com.zaxxer.hikari.HikariDataSource : DatebookHikariCP - Starting...
2022-06-27 08:47:22.310 [http-nio-19011-exec-1] [INFO ] com.zaxxer.hikari.HikariDataSource : DatebookHikariCP - Start completed.
2022-06-27 09:10:34.699 [restartedMain] [INFO ] com.example.demo.AddjobApplication : Starting AddjobApplication using Java 1.8.0_151 on PC-20180711QXFQ with PID 4936 (D:\git\addjob\target\classes started by Administrator in D:\git\addjob)
2022-06-27 09:10:34.700 [restartedMain] [INFO ] com.example.demo.AddjobApplication : The following 2 profiles are active: "hikari", "mybatis"
2022-06-27 09:10:34.781 [restartedMain] [INFO ] o.s.b.d.env.DevToolsPropertyDefaultsPostProcessor : Devtools property defaults active! Set 'spring.devtools.add-properties' to 'false' to disable
2022-06-27 09:10:34.781 [restartedMain] [INFO ] o.s.b.d.env.DevToolsPropertyDefaultsPostProcessor : For additional web related logging consider setting the 'logging.level.web' property to 'DEBUG'
2022-06-27 09:10:36.154 [restartedMain] [INFO ] o.s.boot.web.embedded.tomcat.TomcatWebServer : Tomcat initialized with port(s): 19011 (http)
2022-06-27 09:10:36.165 [restartedMain] [INFO ] org.apache.catalina.core.StandardService : Starting service [Tomcat]
2022-06-27 09:10:36.165 [restartedMain] [INFO ] org.apache.catalina.core.StandardEngine : Starting Servlet engine: [Apache Tomcat/9.0.64]
2022-06-27 09:10:36.245 [restartedMain] [INFO ] o.a.c.c.ContainerBase.[Tomcat].[localhost].[/task] : Initializing Spring embedded WebApplicationContext
2022-06-27 09:10:36.245 [restartedMain] [INFO ] o.s.b.w.s.c.ServletWebServerApplicationContext : Root WebApplicationContext: initialization completed in 1463 ms
2022-06-27 09:10:36.944 [restartedMain] [INFO ] o.s.b.d.autoconfigure.OptionalLiveReloadServer : LiveReload server is running on port 35729
2022-06-27 09:10:36.993 [restartedMain] [INFO ] o.s.boot.web.embedded.tomcat.TomcatWebServer : Tomcat started on port(s): 19011 (http) with context path '/task'
2022-06-27 09:10:37.007 [restartedMain] [INFO ] com.example.demo.AddjobApplication : Started AddjobApplication in 2.946 seconds (JVM running for 3.798)
2022-06-27 09:12:25.756 [restartedMain] [INFO ] com.example.demo.AddjobApplication : Starting AddjobApplication using Java 1.8.0_151 on PC-20180711QXFQ with PID 4936 (D:\git\addjob\target\classes started by Administrator in D:\git\addjob)
2022-06-27 09:12:25.757 [restartedMain] [INFO ] com.example.demo.AddjobApplication : The following 2 profiles are active: "hikari", "mybatis"
2022-06-27 09:12:26.035 [restartedMain] [INFO ] o.s.boot.web.embedded.tomcat.TomcatWebServer : Tomcat initialized with port(s): 19011 (http)
2022-06-27 09:12:26.035 [restartedMain] [INFO ] org.apache.catalina.core.StandardService : Starting service [Tomcat]
2022-06-27 09:12:26.035 [restartedMain] [INFO ] org.apache.catalina.core.StandardEngine : Starting Servlet engine: [Apache Tomcat/9.0.64]
2022-06-27 09:12:26.047 [restartedMain] [INFO ] o.a.c.c.ContainerBase.[Tomcat].[localhost].[/task] : Initializing Spring embedded WebApplicationContext
2022-06-27 09:12:26.047 [restartedMain] [INFO ] o.s.b.w.s.c.ServletWebServerApplicationContext : Root WebApplicationContext: initialization completed in 287 ms
2022-06-27 09:12:26.235 [restartedMain] [INFO ] o.s.b.d.autoconfigure.OptionalLiveReloadServer : LiveReload server is running on port 35729
2022-06-27 09:12:26.248 [restartedMain] [INFO ] o.s.boot.web.embedded.tomcat.TomcatWebServer : Tomcat started on port(s): 19011 (http) with context path '/task'
2022-06-27 09:12:26.258 [restartedMain] [INFO ] com.example.demo.AddjobApplication : Started AddjobApplication in 0.554 seconds (JVM running for 113.047)
2022-06-27 09:12:26.261 [restartedMain] [INFO ] o.s.b.d.a.ConditionEvaluationDeltaLoggingListener : Condition evaluation unchanged
2022-06-27 09:12:38.720 [restartedMain] [INFO ] com.example.demo.AddjobApplication : Starting AddjobApplication using Java 1.8.0_151 on PC-20180711QXFQ with PID 2304 (D:\git\addjob\target\classes started by Administrator in D:\git\addjob)
2022-06-27 09:12:38.722 [restartedMain] [INFO ] com.example.demo.AddjobApplication : The following 2 profiles are active: "hikari", "mybatis"
2022-06-27 09:12:38.817 [restartedMain] [INFO ] o.s.b.d.env.DevToolsPropertyDefaultsPostProcessor : Devtools property defaults active! Set 'spring.devtools.add-properties' to 'false' to disable
2022-06-27 09:12:38.817 [restartedMain] [INFO ] o.s.b.d.env.DevToolsPropertyDefaultsPostProcessor : For additional web related logging consider setting the 'logging.level.web' property to 'DEBUG'
2022-06-27 09:12:40.287 [restartedMain] [INFO ] o.s.boot.web.embedded.tomcat.TomcatWebServer : Tomcat initialized with port(s): 19011 (http)
2022-06-27 09:12:40.299 [restartedMain] [INFO ] org.apache.catalina.core.StandardService : Starting service [Tomcat]
2022-06-27 09:12:40.299 [restartedMain] [INFO ] org.apache.catalina.core.StandardEngine : Starting Servlet engine: [Apache Tomcat/9.0.64]
2022-06-27 09:12:40.367 [restartedMain] [INFO ] o.a.c.c.ContainerBase.[Tomcat].[localhost].[/task] : Initializing Spring embedded WebApplicationContext
2022-06-27 09:12:40.367 [restartedMain] [INFO ] o.s.b.w.s.c.ServletWebServerApplicationContext : Root WebApplicationContext: initialization completed in 1549 ms
2022-06-27 09:12:41.109 [restartedMain] [INFO ] o.s.b.d.autoconfigure.OptionalLiveReloadServer : LiveReload server is running on port 35729
2022-06-27 09:12:41.155 [restartedMain] [INFO ] o.s.boot.web.embedded.tomcat.TomcatWebServer : Tomcat started on port(s): 19011 (http) with context path '/task'
2022-06-27 09:12:41.168 [restartedMain] [INFO ] com.example.demo.AddjobApplication : Started AddjobApplication in 3.546 seconds (JVM running for 4.55)
2022-06-27 09:13:25.463 [http-nio-19011-exec-1] [INFO ] o.a.c.c.ContainerBase.[Tomcat].[localhost].[/task] : Initializing Spring DispatcherServlet 'dispatcherServlet'
2022-06-27 09:13:25.463 [http-nio-19011-exec-1] [INFO ] org.springframework.web.servlet.DispatcherServlet : Initializing Servlet 'dispatcherServlet'
2022-06-27 09:13:25.465 [http-nio-19011-exec-1] [INFO ] org.springframework.web.servlet.DispatcherServlet : Completed initialization in 1 ms
2022-06-27 09:13:25.721 [http-nio-19011-exec-1] [INFO ] com.zaxxer.hikari.HikariDataSource : DatebookHikariCP - Starting...
2022-06-27 09:13:25.957 [http-nio-19011-exec-1] [INFO ] com.zaxxer.hikari.HikariDataSource : DatebookHikariCP - Start completed.
2022-06-27 09:24:11.541 [Thread-7] [INFO ] com.zaxxer.hikari.HikariDataSource : DatebookHikariCP - Shutdown initiated...
2022-06-27 09:24:11.558 [Thread-7] [INFO ] com.zaxxer.hikari.HikariDataSource : DatebookHikariCP - Shutdown completed.
2022-06-27 09:24:11.747 [restartedMain] [INFO ] com.example.demo.AddjobApplication : Starting AddjobApplication using Java 1.8.0_151 on PC-20180711QXFQ with PID 2304 (D:\git\addjob\target\classes started by Administrator in D:\git\addjob)
2022-06-27 09:24:11.747 [restartedMain] [INFO ] com.example.demo.AddjobApplication : The following 2 profiles are active: "hikari", "mybatis"
2022-06-27 09:24:12.025 [restartedMain] [INFO ] o.s.boot.web.embedded.tomcat.TomcatWebServer : Tomcat initialized with port(s): 19011 (http)
2022-06-27 09:24:12.026 [restartedMain] [INFO ] org.apache.catalina.core.StandardService : Starting service [Tomcat]
2022-06-27 09:24:12.027 [restartedMain] [INFO ] org.apache.catalina.core.StandardEngine : Starting Servlet engine: [Apache Tomcat/9.0.64]
2022-06-27 09:24:12.039 [restartedMain] [INFO ] o.a.c.c.ContainerBase.[Tomcat].[localhost].[/task] : Initializing Spring embedded WebApplicationContext
2022-06-27 09:24:12.039 [restartedMain] [INFO ] o.s.b.w.s.c.ServletWebServerApplicationContext : Root WebApplicationContext: initialization completed in 288 ms
2022-06-27 09:24:12.187 [restartedMain] [INFO ] o.s.b.d.autoconfigure.OptionalLiveReloadServer : LiveReload server is running on port 35729
2022-06-27 09:24:12.202 [restartedMain] [INFO ] o.s.boot.web.embedded.tomcat.TomcatWebServer : Tomcat started on port(s): 19011 (http) with context path '/task'
2022-06-27 09:24:12.207 [restartedMain] [INFO ] com.example.demo.AddjobApplication : Started AddjobApplication in 0.521 seconds (JVM running for 695.578)
2022-06-27 09:24:12.210 [restartedMain] [INFO ] o.s.b.d.a.ConditionEvaluationDeltaLoggingListener : Condition evaluation unchanged
2022-06-27 09:24:20.502 [http-nio-19011-exec-1] [INFO ] o.a.c.c.ContainerBase.[Tomcat].[localhost].[/task] : Initializing Spring DispatcherServlet 'dispatcherServlet'
2022-06-27 09:24:20.506 [http-nio-19011-exec-1] [INFO ] org.springframework.web.servlet.DispatcherServlet : Initializing Servlet 'dispatcherServlet'
2022-06-27 09:24:20.508 [http-nio-19011-exec-1] [INFO ] org.springframework.web.servlet.DispatcherServlet : Completed initialization in 2 ms
2022-06-27 09:24:20.518 [http-nio-19011-exec-1] [INFO ] com.zaxxer.hikari.HikariDataSource : DatebookHikariCP - Starting...
2022-06-27 09:24:20.533 [http-nio-19011-exec-1] [INFO ] com.zaxxer.hikari.HikariDataSource : DatebookHikariCP - Start completed.
2022-06-27 09:49:09.822 [RMI TCP Connection(49)-127.0.0.1] [INFO ] o.s.b.a.SpringApplicationAdminMXBeanRegistrar$SpringApplicationAdmin : Application shutdown requested.
2022-06-27 09:49:09.898 [RMI TCP Connection(49)-127.0.0.1] [INFO ] com.zaxxer.hikari.HikariDataSource : DatebookHikariCP - Shutdown initiated...
2022-06-27 09:49:09.901 [RMI TCP Connection(49)-127.0.0.1] [INFO ] com.zaxxer.hikari.HikariDataSource : DatebookHikariCP - Shutdown completed.
2022-06-27 09:49:15.856 [restartedMain] [INFO ] com.example.demo.AddjobApplication : Starting AddjobApplication using Java 1.8.0_151 on PC-20180711QXFQ with PID 4812 (D:\git\addjob\target\classes started by Administrator in D:\git\addjob)
2022-06-27 09:49:15.857 [restartedMain] [INFO ] com.example.demo.AddjobApplication : The following 2 profiles are active: "hikari", "mybatis"
2022-06-27 09:49:15.899 [restartedMain] [INFO ] o.s.b.d.env.DevToolsPropertyDefaultsPostProcessor : Devtools property defaults active! Set 'spring.devtools.add-properties' to 'false' to disable
2022-06-27 09:49:15.899 [restartedMain] [INFO ] o.s.b.d.env.DevToolsPropertyDefaultsPostProcessor : For additional web related logging consider setting the 'logging.level.web' property to 'DEBUG'
2022-06-27 09:49:16.987 [restartedMain] [INFO ] o.s.boot.web.embedded.tomcat.TomcatWebServer : Tomcat initialized with port(s): 19011 (http)
2022-06-27 09:49:16.996 [restartedMain] [INFO ] org.apache.catalina.core.StandardService : Starting service [Tomcat]
2022-06-27 09:49:16.996 [restartedMain] [INFO ] org.apache.catalina.core.StandardEngine : Starting Servlet engine: [Apache Tomcat/9.0.64]
2022-06-27 09:49:17.059 [restartedMain] [INFO ] o.a.c.c.ContainerBase.[Tomcat].[localhost].[/task] : Initializing Spring embedded WebApplicationContext
2022-06-27 09:49:17.060 [restartedMain] [INFO ] o.s.b.w.s.c.ServletWebServerApplicationContext : Root WebApplicationContext: initialization completed in 1161 ms
2022-06-27 09:49:17.477 [restartedMain] [INFO ] o.s.b.a.web.servlet.WelcomePageHandlerMapping : Adding welcome page: class path resource [static/index.html]
2022-06-27 09:49:17.641 [restartedMain] [INFO ] o.s.b.d.autoconfigure.OptionalLiveReloadServer : LiveReload server is running on port 35729
2022-06-27 09:49:17.671 [restartedMain] [INFO ] o.s.boot.web.embedded.tomcat.TomcatWebServer : Tomcat started on port(s): 19011 (http) with context path '/task'
2022-06-27 09:49:17.679 [restartedMain] [INFO ] com.example.demo.AddjobApplication : Started AddjobApplication in 2.305 seconds (JVM running for 2.975)
2022-06-27 09:49:47.166 [RMI TCP Connection(7)-127.0.0.1] [INFO ] o.s.b.a.SpringApplicationAdminMXBeanRegistrar$SpringApplicationAdmin : Application shutdown requested.
2022-06-27 09:50:04.216 [main] [INFO ] com.example.demo.AddjobApplicationTests : Starting AddjobApplicationTests using Java 1.8.0_151 on PC-20180711QXFQ with PID 4436 (started by Administrator in D:\git\addjob)
2022-06-27 09:50:04.218 [main] [INFO ] com.example.demo.AddjobApplicationTests : The following 2 profiles are active: "hikari", "mybatis"
2022-06-27 09:50:06.721 [main] [INFO ] o.s.b.a.web.servlet.WelcomePageHandlerMapping : Adding welcome page: class path resource [static/index.html]
2022-06-27 09:50:07.109 [main] [INFO ] com.example.demo.AddjobApplicationTests : Started AddjobApplicationTests in 3.434 seconds (JVM running for 4.527)
2022-06-27 09:50:16.129 [restartedMain] [INFO ] com.example.demo.AddjobApplication : Starting AddjobApplication using Java 1.8.0_151 on PC-20180711QXFQ with PID 1524 (D:\git\addjob\target\classes started by Administrator in D:\git\addjob)
2022-06-27 09:50:16.130 [restartedMain] [INFO ] com.example.demo.AddjobApplication : The following 2 profiles are active: "hikari", "mybatis"
2022-06-27 09:50:16.171 [restartedMain] [INFO ] o.s.b.d.env.DevToolsPropertyDefaultsPostProcessor : Devtools property defaults active! Set 'spring.devtools.add-properties' to 'false' to disable
2022-06-27 09:50:16.172 [restartedMain] [INFO ] o.s.b.d.env.DevToolsPropertyDefaultsPostProcessor : For additional web related logging consider setting the 'logging.level.web' property to 'DEBUG'
2022-06-27 09:50:17.288 [restartedMain] [INFO ] o.s.boot.web.embedded.tomcat.TomcatWebServer : Tomcat initialized with port(s): 19011 (http)
2022-06-27 09:50:17.298 [restartedMain] [INFO ] org.apache.catalina.core.StandardService : Starting service [Tomcat]
2022-06-27 09:50:17.298 [restartedMain] [INFO ] org.apache.catalina.core.StandardEngine : Starting Servlet engine: [Apache Tomcat/9.0.64]
2022-06-27 09:50:17.356 [restartedMain] [INFO ] o.a.c.c.ContainerBase.[Tomcat].[localhost].[/task] : Initializing Spring embedded WebApplicationContext
2022-06-27 09:50:17.357 [restartedMain] [INFO ] o.s.b.w.s.c.ServletWebServerApplicationContext : Root WebApplicationContext: initialization completed in 1185 ms
2022-06-27 09:50:17.757 [restartedMain] [INFO ] o.s.b.a.web.servlet.WelcomePageHandlerMapping : Adding welcome page: class path resource [static/index.html]
2022-06-27 09:50:17.911 [restartedMain] [INFO ] o.s.b.d.autoconfigure.OptionalLiveReloadServer : LiveReload server is running on port 35729
2022-06-27 09:50:17.939 [restartedMain] [INFO ] o.s.boot.web.embedded.tomcat.TomcatWebServer : Tomcat started on port(s): 19011 (http) with context path '/task'
2022-06-27 09:50:17.948 [restartedMain] [INFO ] com.example.demo.AddjobApplication : Started AddjobApplication in 2.284 seconds (JVM running for 2.928)
2022-06-27 09:56:42.892 [restartedMain] [INFO ] com.example.demo.AddjobApplication : Starting AddjobApplication using Java 1.8.0_151 on PC-20180711QXFQ with PID 1524 (D:\git\addjob\target\classes started by Administrator in D:\git\addjob)
2022-06-27 09:56:42.892 [restartedMain] [INFO ] com.example.demo.AddjobApplication : The following 2 profiles are active: "hikari", "mybatis"
2022-06-27 09:56:43.101 [restartedMain] [INFO ] o.s.boot.web.embedded.tomcat.TomcatWebServer : Tomcat initialized with port(s): 19011 (http)
2022-06-27 09:56:43.101 [restartedMain] [INFO ] org.apache.catalina.core.StandardService : Starting service [Tomcat]
2022-06-27 09:56:43.101 [restartedMain] [INFO ] org.apache.catalina.core.StandardEngine : Starting Servlet engine: [Apache Tomcat/9.0.64]
2022-06-27 09:56:43.126 [restartedMain] [INFO ] o.a.c.c.ContainerBase.[Tomcat].[localhost].[/task] : Initializing Spring embedded WebApplicationContext
2022-06-27 09:56:43.126 [restartedMain] [INFO ] o.s.b.w.s.c.ServletWebServerApplicationContext : Root WebApplicationContext: initialization completed in 232 ms
2022-06-27 09:56:43.266 [restartedMain] [INFO ] o.s.b.d.autoconfigure.OptionalLiveReloadServer : LiveReload server is running on port 35729
2022-06-27 09:56:43.278 [restartedMain] [INFO ] o.s.boot.web.embedded.tomcat.TomcatWebServer : Tomcat started on port(s): 19011 (http) with context path '/task'
2022-06-27 09:56:43.285 [restartedMain] [INFO ] com.example.demo.AddjobApplication : Started AddjobApplication in 0.44 seconds (JVM running for 388.259)
2022-06-27 09:56:43.288 [restartedMain] [INFO ] o.s.b.d.a.ConditionEvaluationDeltaLoggingListener : Condition evaluation unchanged
2022-06-27 09:58:44.271 [http-nio-19011-exec-7] [INFO ] o.a.c.c.ContainerBase.[Tomcat].[localhost].[/task] : Initializing Spring DispatcherServlet 'dispatcherServlet'
2022-06-27 09:58:44.273 [http-nio-19011-exec-7] [INFO ] org.springframework.web.servlet.DispatcherServlet : Initializing Servlet 'dispatcherServlet'
2022-06-27 09:58:44.276 [http-nio-19011-exec-7] [INFO ] org.springframework.web.servlet.DispatcherServlet : Completed initialization in 3 ms
2022-06-27 09:59:05.107 [restartedMain] [INFO ] com.example.demo.AddjobApplication : Starting AddjobApplication using Java 1.8.0_151 on PC-20180711QXFQ with PID 1524 (D:\git\addjob\target\classes started by Administrator in D:\git\addjob)
2022-06-27 09:59:05.107 [restartedMain] [INFO ] com.example.demo.AddjobApplication : The following 2 profiles are active: "hikari", "mybatis"
2022-06-27 09:59:05.307 [restartedMain] [INFO ] o.s.boot.web.embedded.tomcat.TomcatWebServer : Tomcat initialized with port(s): 19011 (http)
2022-06-27 09:59:05.307 [restartedMain] [INFO ] org.apache.catalina.core.StandardService : Starting service [Tomcat]
2022-06-27 09:59:05.307 [restartedMain] [INFO ] org.apache.catalina.core.StandardEngine : Starting Servlet engine: [Apache Tomcat/9.0.64]
2022-06-27 09:59:05.334 [restartedMain] [INFO ] o.a.c.c.ContainerBase.[Tomcat].[localhost].[/task] : Initializing Spring embedded WebApplicationContext
2022-06-27 09:59:05.334 [restartedMain] [INFO ] o.s.b.w.s.c.ServletWebServerApplicationContext : Root WebApplicationContext: initialization completed in 224 ms
2022-06-27 09:59:05.443 [restartedMain] [INFO ] o.s.b.a.web.servlet.WelcomePageHandlerMapping : Adding welcome page: class path resource [static/index.html]
2022-06-27 09:59:05.483 [restartedMain] [INFO ] o.s.b.d.autoconfigure.OptionalLiveReloadServer : LiveReload server is running on port 35729
2022-06-27 09:59:05.494 [restartedMain] [INFO ] o.s.boot.web.embedded.tomcat.TomcatWebServer : Tomcat started on port(s): 19011 (http) with context path '/task'
2022-06-27 09:59:05.499 [restartedMain] [INFO ] com.example.demo.AddjobApplication : Started AddjobApplication in 0.434 seconds (JVM running for 530.471)
2022-06-27 09:59:05.500 [restartedMain] [INFO ] o.s.b.d.a.ConditionEvaluationDeltaLoggingListener : Condition evaluation unchanged
2022-06-27 09:59:05.641 [http-nio-19011-exec-1] [INFO ] o.a.c.c.ContainerBase.[Tomcat].[localhost].[/task] : Initializing Spring DispatcherServlet 'dispatcherServlet'
2022-06-27 09:59:05.643 [http-nio-19011-exec-1] [INFO ] org.springframework.web.servlet.DispatcherServlet : Initializing Servlet 'dispatcherServlet'
2022-06-27 09:59:05.645 [http-nio-19011-exec-1] [INFO ] org.springframework.web.servlet.DispatcherServlet : Completed initialization in 2 ms
2022-06-27 09:59:27.649 [restartedMain] [INFO ] com.example.demo.AddjobApplication : Starting AddjobApplication using Java 1.8.0_151 on PC-20180711QXFQ with PID 1524 (D:\git\addjob\target\classes started by Administrator in D:\git\addjob)
2022-06-27 09:59:27.649 [restartedMain] [INFO ] com.example.demo.AddjobApplication : The following 2 profiles are active: "hikari", "mybatis"
2022-06-27 09:59:27.838 [restartedMain] [INFO ] o.s.boot.web.embedded.tomcat.TomcatWebServer : Tomcat initialized with port(s): 19011 (http)
2022-06-27 09:59:27.839 [restartedMain] [INFO ] org.apache.catalina.core.StandardService : Starting service [Tomcat]
2022-06-27 09:59:27.839 [restartedMain] [INFO ] org.apache.catalina.core.StandardEngine : Starting Servlet engine: [Apache Tomcat/9.0.64]
2022-06-27 09:59:27.858 [restartedMain] [INFO ] o.a.c.c.ContainerBase.[Tomcat].[localhost].[/task] : Initializing Spring embedded WebApplicationContext
2022-06-27 09:59:27.858 [restartedMain] [INFO ] o.s.b.w.s.c.ServletWebServerApplicationContext : Root WebApplicationContext: initialization completed in 207 ms
2022-06-27 09:59:27.990 [restartedMain] [INFO ] o.s.b.d.autoconfigure.OptionalLiveReloadServer : LiveReload server is running on port 35729
2022-06-27 09:59:27.998 [restartedMain] [INFO ] o.s.boot.web.embedded.tomcat.TomcatWebServer : Tomcat started on port(s): 19011 (http) with context path '/task'
2022-06-27 09:59:28.003 [restartedMain] [INFO ] com.example.demo.AddjobApplication : Started AddjobApplication in 0.403 seconds (JVM running for 552.975)
2022-06-27 09:59:28.005 [restartedMain] [INFO ] o.s.b.d.a.ConditionEvaluationDeltaLoggingListener : Condition evaluation unchanged
2022-06-27 09:59:28.025 [http-nio-19011-exec-1] [INFO ] o.a.c.c.ContainerBase.[Tomcat].[localhost].[/task] : Initializing Spring DispatcherServlet 'dispatcherServlet'
2022-06-27 09:59:28.026 [http-nio-19011-exec-1] [INFO ] org.springframework.web.servlet.DispatcherServlet : Initializing Servlet 'dispatcherServlet'
2022-06-27 09:59:28.027 [http-nio-19011-exec-1] [INFO ] org.springframework.web.servlet.DispatcherServlet : Completed initialization in 1 ms
2022-06-27 09:59:35.947 [restartedMain] [INFO ] com.example.demo.AddjobApplication : Starting AddjobApplication using Java 1.8.0_151 on PC-20180711QXFQ with PID 1524 (D:\git\addjob\target\classes started by Administrator in D:\git\addjob)
2022-06-27 09:59:35.947 [restartedMain] [INFO ] com.example.demo.AddjobApplication : The following 2 profiles are active: "hikari", "mybatis"
2022-06-27 09:59:36.141 [restartedMain] [INFO ] o.s.boot.web.embedded.tomcat.TomcatWebServer : Tomcat initialized with port(s): 19011 (http)
2022-06-27 09:59:36.141 [restartedMain] [INFO ] org.apache.catalina.core.StandardService : Starting service [Tomcat]
2022-06-27 09:59:36.141 [restartedMain] [INFO ] org.apache.catalina.core.StandardEngine : Starting Servlet engine: [Apache Tomcat/9.0.64]
2022-06-27 09:59:36.151 [restartedMain] [INFO ] o.a.c.c.ContainerBase.[Tomcat].[localhost].[/task] : Initializing Spring embedded WebApplicationContext
2022-06-27 09:59:36.151 [restartedMain] [INFO ] o.s.b.w.s.c.ServletWebServerApplicationContext : Root WebApplicationContext: initialization completed in 201 ms
2022-06-27 09:59:36.231 [restartedMain] [INFO ] o.s.b.a.web.servlet.WelcomePageHandlerMapping : Adding welcome page: class path resource [static/index.html]
2022-06-27 09:59:36.264 [restartedMain] [INFO ] o.s.b.d.autoconfigure.OptionalLiveReloadServer : LiveReload server is running on port 35729
2022-06-27 09:59:36.271 [restartedMain] [INFO ] o.s.boot.web.embedded.tomcat.TomcatWebServer : Tomcat started on port(s): 19011 (http) with context path '/task'
2022-06-27 09:59:36.280 [restartedMain] [INFO ] com.example.demo.AddjobApplication : Started AddjobApplication in 0.375 seconds (JVM running for 561.252)
2022-06-27 09:59:36.281 [restartedMain] [INFO ] o.s.b.d.a.ConditionEvaluationDeltaLoggingListener : Condition evaluation unchanged
2022-06-27 09:59:54.335 [http-nio-19011-exec-9] [INFO ] o.a.c.c.ContainerBase.[Tomcat].[localhost].[/task] : Initializing Spring DispatcherServlet 'dispatcherServlet'
2022-06-27 09:59:54.349 [http-nio-19011-exec-9] [INFO ] org.springframework.web.servlet.DispatcherServlet : Initializing Servlet 'dispatcherServlet'
2022-06-27 09:59:54.350 [http-nio-19011-exec-9] [INFO ] org.springframework.web.servlet.DispatcherServlet : Completed initialization in 1 ms
2022-06-27 10:03:59.028 [restartedMain] [INFO ] com.example.demo.AddjobApplication : Starting AddjobApplication using Java 1.8.0_151 on PC-20180711QXFQ with PID 1524 (D:\git\addjob\target\classes started by Administrator in D:\git\addjob)
2022-06-27 10:03:59.028 [restartedMain] [INFO ] com.example.demo.AddjobApplication : The following 2 profiles are active: "hikari", "mybatis"
2022-06-27 10:03:59.231 [restartedMain] [INFO ] o.s.boot.web.embedded.tomcat.TomcatWebServer : Tomcat initialized with port(s): 19011 (http)
2022-06-27 10:03:59.231 [restartedMain] [INFO ] org.apache.catalina.core.StandardService : Starting service [Tomcat]
2022-06-27 10:03:59.231 [restartedMain] [INFO ] org.apache.catalina.core.StandardEngine : Starting Servlet engine: [Apache Tomcat/9.0.64]
2022-06-27 10:03:59.253 [restartedMain] [INFO ] o.a.c.core.ContainerBase.[Tomcat].[localhost].[/] : Initializing Spring embedded WebApplicationContext
2022-06-27 10:03:59.253 [restartedMain] [INFO ] o.s.b.w.s.c.ServletWebServerApplicationContext : Root WebApplicationContext: initialization completed in 222 ms
2022-06-27 10:03:59.329 [restartedMain] [INFO ] o.s.b.a.web.servlet.WelcomePageHandlerMapping : Adding welcome page: class path resource [static/index.html]
2022-06-27 10:03:59.368 [restartedMain] [INFO ] o.s.b.d.autoconfigure.OptionalLiveReloadServer : LiveReload server is running on port 35729
2022-06-27 10:03:59.376 [restartedMain] [INFO ] o.s.boot.web.embedded.tomcat.TomcatWebServer : Tomcat started on port(s): 19011 (http) with context path ''
2022-06-27 10:03:59.380 [restartedMain] [INFO ] com.example.demo.AddjobApplication : Started AddjobApplication in 0.401 seconds (JVM running for 824.348)
2022-06-27 10:03:59.382 [restartedMain] [INFO ] o.s.b.d.a.ConditionEvaluationDeltaLoggingListener : Condition evaluation unchanged
2022-06-27 10:04:19.429 [RMI TCP Connection(29)-127.0.0.1] [INFO ] o.s.b.a.SpringApplicationAdminMXBeanRegistrar$SpringApplicationAdmin : Application shutdown requested.
2022-06-27 10:04:24.477 [restartedMain] [INFO ] com.example.demo.AddjobApplication : Starting AddjobApplication using Java 1.8.0_151 on PC-20180711QXFQ with PID 8716 (D:\git\addjob\target\classes started by Administrator in D:\git\addjob)
2022-06-27 10:04:24.482 [restartedMain] [INFO ] com.example.demo.AddjobApplication : The following 2 profiles are active: "hikari", "mybatis"
2022-06-27 10:04:24.533 [restartedMain] [INFO ] o.s.b.d.env.DevToolsPropertyDefaultsPostProcessor : Devtools property defaults active! Set 'spring.devtools.add-properties' to 'false' to disable
2022-06-27 10:04:24.533 [restartedMain] [INFO ] o.s.b.d.env.DevToolsPropertyDefaultsPostProcessor : For additional web related logging consider setting the 'logging.level.web' property to 'DEBUG'
2022-06-27 10:04:25.818 [restartedMain] [INFO ] o.s.boot.web.embedded.tomcat.TomcatWebServer : Tomcat initialized with port(s): 19011 (http)
2022-06-27 10:04:25.828 [restartedMain] [INFO ] org.apache.catalina.core.StandardService : Starting service [Tomcat]
2022-06-27 10:04:25.828 [restartedMain] [INFO ] org.apache.catalina.core.StandardEngine : Starting Servlet engine: [Apache Tomcat/9.0.64]
2022-06-27 10:04:25.893 [restartedMain] [INFO ] o.a.c.core.ContainerBase.[Tomcat].[localhost].[/] : Initializing Spring embedded WebApplicationContext
2022-06-27 10:04:25.894 [restartedMain] [INFO ] o.s.b.w.s.c.ServletWebServerApplicationContext : Root WebApplicationContext: initialization completed in 1360 ms
2022-06-27 10:04:26.333 [restartedMain] [INFO ] o.s.b.a.web.servlet.WelcomePageHandlerMapping : Adding welcome page: class path resource [static/index.html]
2022-06-27 10:04:26.495 [restartedMain] [INFO ] o.s.b.d.autoconfigure.OptionalLiveReloadServer : LiveReload server is running on port 35729
2022-06-27 10:04:26.527 [restartedMain] [INFO ] o.s.boot.web.embedded.tomcat.TomcatWebServer : Tomcat started on port(s): 19011 (http) with context path ''
2022-06-27 10:04:26.536 [restartedMain] [INFO ] com.example.demo.AddjobApplication : Started AddjobApplication in 2.538 seconds (JVM running for 3.148)
2022-06-27 10:04:43.735 [http-nio-19011-exec-2] [INFO ] o.a.c.core.ContainerBase.[Tomcat].[localhost].[/] : Initializing Spring DispatcherServlet 'dispatcherServlet'
2022-06-27 10:04:43.735 [http-nio-19011-exec-2] [INFO ] org.springframework.web.servlet.DispatcherServlet : Initializing Servlet 'dispatcherServlet'
2022-06-27 10:04:43.736 [http-nio-19011-exec-2] [INFO ] org.springframework.web.servlet.DispatcherServlet : Completed initialization in 0 ms
2022-06-27 10:14:25.718 [http-nio-19011-exec-2] [INFO ] com.zaxxer.hikari.HikariDataSource : DatebookHikariCP - Starting...
2022-06-27 10:14:25.925 [http-nio-19011-exec-2] [INFO ] com.zaxxer.hikari.HikariDataSource : DatebookHikariCP - Start completed.
2022-06-27 10:16:09.417 [RMI TCP Connection(18)-127.0.0.1] [INFO ] o.s.b.a.SpringApplicationAdminMXBeanRegistrar$SpringApplicationAdmin : Application shutdown requested.
2022-06-27 10:16:09.491 [RMI TCP Connection(18)-127.0.0.1] [INFO ] com.zaxxer.hikari.HikariDataSource : DatebookHikariCP - Shutdown initiated...
2022-06-27 10:16:09.504 [RMI TCP Connection(18)-127.0.0.1] [INFO ] com.zaxxer.hikari.HikariDataSource : DatebookHikariCP - Shutdown completed.
2022-06-27 10:16:24.905 [main] [INFO ] com.example.demo.AddjobApplicationTests : Starting AddjobApplicationTests using Java 1.8.0_151 on PC-20180711QXFQ with PID 9188 (started by Administrator in D:\git\addjob)
2022-06-27 10:16:24.907 [main] [INFO ] com.example.demo.AddjobApplicationTests : The following 2 profiles are active: "hikari", "mybatis"
2022-06-27 10:16:27.164 [main] [INFO ] o.s.b.a.web.servlet.WelcomePageHandlerMapping : Adding welcome page: class path resource [static/index.html]
2022-06-27 10:16:27.605 [main] [INFO ] com.example.demo.AddjobApplicationTests : Started AddjobApplicationTests in 3.233 seconds (JVM running for 4.339)
2022-06-27 10:18:29.569 [restartedMain] [INFO ] com.example.demo.AddjobApplication : Starting AddjobApplication using Java 1.8.0_151 on PC-20180711QXFQ with PID 7876 (D:\git\addjob\target\classes started by Administrator in D:\git\addjob)
2022-06-27 10:18:29.571 [restartedMain] [INFO ] com.example.demo.AddjobApplication : The following 3 profiles are active: "mysql", "hikari", "mybatis"
2022-06-27 10:18:29.618 [restartedMain] [INFO ] o.s.b.d.env.DevToolsPropertyDefaultsPostProcessor : Devtools property defaults active! Set 'spring.devtools.add-properties' to 'false' to disable
2022-06-27 10:18:29.618 [restartedMain] [INFO ] o.s.b.d.env.DevToolsPropertyDefaultsPostProcessor : For additional web related logging consider setting the 'logging.level.web' property to 'DEBUG'
2022-06-27 10:18:30.682 [restartedMain] [INFO ] o.s.boot.web.embedded.tomcat.TomcatWebServer : Tomcat initialized with port(s): 19011 (http)
2022-06-27 10:18:30.691 [restartedMain] [INFO ] org.apache.catalina.core.StandardService : Starting service [Tomcat]
2022-06-27 10:18:30.691 [restartedMain] [INFO ] org.apache.catalina.core.StandardEngine : Starting Servlet engine: [Apache Tomcat/9.0.64]
2022-06-27 10:18:30.747 [restartedMain] [INFO ] o.a.c.core.ContainerBase.[Tomcat].[localhost].[/] : Initializing Spring embedded WebApplicationContext
2022-06-27 10:18:30.748 [restartedMain] [INFO ] o.s.b.w.s.c.ServletWebServerApplicationContext : Root WebApplicationContext: initialization completed in 1130 ms
2022-06-27 10:18:31.138 [restartedMain] [INFO ] o.s.b.a.web.servlet.WelcomePageHandlerMapping : Adding welcome page: class path resource [static/index.html]
2022-06-27 10:18:31.287 [restartedMain] [INFO ] o.s.b.d.autoconfigure.OptionalLiveReloadServer : LiveReload server is running on port 35729
2022-06-27 10:18:31.315 [restartedMain] [INFO ] o.s.boot.web.embedded.tomcat.TomcatWebServer : Tomcat started on port(s): 19011 (http) with context path ''
2022-06-27 10:18:31.323 [restartedMain] [INFO ] com.example.demo.AddjobApplication : Started AddjobApplication in 2.24 seconds (JVM running for 2.871)
2022-06-27 10:18:34.880 [RMI TCP Connection(2)-127.0.0.1] [INFO ] o.s.b.a.SpringApplicationAdminMXBeanRegistrar$SpringApplicationAdmin : Application shutdown requested.
2022-06-27 10:18:46.136 [main] [INFO ] com.example.demo.AddjobApplicationTests : Starting AddjobApplicationTests using Java 1.8.0_151 on PC-20180711QXFQ with PID 4668 (started by Administrator in D:\git\addjob)
2022-06-27 10:18:46.138 [main] [INFO ] com.example.demo.AddjobApplicationTests : The following 3 profiles are active: "mysql", "hikari", "mybatis"
2022-06-27 10:18:48.421 [main] [INFO ] o.s.b.a.web.servlet.WelcomePageHandlerMapping : Adding welcome page: class path resource [static/index.html]
2022-06-27 10:18:48.823 [main] [INFO ] com.example.demo.AddjobApplicationTests : Started AddjobApplicationTests in 3.26 seconds (JVM running for 4.472)
